{"timestamp":"2021-02-06T16:23:30.781Z","level":"info","message":"API is running at localhost:3000"}
{"timestamp":"2021-02-06T16:23:30.791Z","level":"info","message":"connection established successfully"}
{"timestamp":"2021-02-06T16:24:23.538Z","level":"info","message":"  \u001b[90m<--\u001b[39m \u001b[1mGET\u001b[22m \u001b[90m/symptomScanTimes/000000025\u001b[39m"}
{"timestamp":"2021-02-06T16:24:23.554Z","level":"info","message":"  \u001b[90m-->\u001b[39m \u001b[1mGET\u001b[22m \u001b[90m/symptomScanTimes/000000025\u001b[39m \u001b[32m200\u001b[39m \u001b[90m16ms\u001b[39m \u001b[90m2b\u001b[39m"}
{"timestamp":"2021-02-06T16:24:23.554Z","level":"error","message":"sleepTime is not defined","stack":"ReferenceError: sleepTime is not defined\n    at RfidEventService.wakeScreen (/mnt/code/rfid_project/backend/rfid/RfidEventService.js:64:29)\n    at RfidEventService.handleRfidEvent (/mnt/code/rfid_project/backend/rfid/RfidEventService.js:29:14)\n    at SymptomScanTimeController.getSymptomScanTimeById (/mnt/code/rfid_project/backend/time/SymptomScanTimeController.js:65:32)\n    at runMicrotasks (<anonymous>)\n    at processTicksAndRejections (internal/process/task_queues.js:93:5)\n    at async bodyParser (/mnt/code/rfid_project/backend/node_modules/koa-bodyparser/index.js:95:5)\n    at async cors (/mnt/code/rfid_project/backend/node_modules/@koa/cors/index.js:56:32)\n    at async logger (/mnt/code/rfid_project/backend/node_modules/koa-logger/index.js:67:7)"}
{"timestamp":"2021-02-06T16:24:23.573Z","level":"error","message":"/bin/sh: 1: xset: not found\n"}
{"timestamp":"2021-02-06T16:27:46.236Z","level":"info","message":"API is running at localhost:3000"}
{"timestamp":"2021-02-06T16:27:46.244Z","level":"info","message":"connection established successfully"}
{"timestamp":"2021-02-06T16:27:56.899Z","level":"info","message":"  \u001b[90m<--\u001b[39m \u001b[1mGET\u001b[22m \u001b[90m/symptomScanTimes/000000025\u001b[39m"}
{"timestamp":"2021-02-06T16:27:56.922Z","level":"info","message":"  \u001b[90m-->\u001b[39m \u001b[1mGET\u001b[22m \u001b[90m/symptomScanTimes/000000025\u001b[39m \u001b[32m200\u001b[39m \u001b[90m23ms\u001b[39m \u001b[90m2b\u001b[39m"}
{"timestamp":"2021-02-06T16:27:56.934Z","level":"error","message":"/bin/sh: 1: xset: not found\n"}
{"timestamp":"2021-02-06T16:27:56.935Z","level":"error","message":"/bin/sh: 1: xset: not found\n"}
{"timestamp":"2021-02-06T20:08:11.201Z","level":"info","message":"API is running at localhost:3000"}
{"timestamp":"2021-02-06T20:08:11.208Z","level":"error","message":"Command failed: java -jar \"/mnt/code/rfid_project/backend/node_modules/node-key-sender/jar/key-sender.jar\" T h i s space i s space m y space t e x t\n/bin/sh: 1: java: not found\n","stack":"Error: Command failed: java -jar \"/mnt/code/rfid_project/backend/node_modules/node-key-sender/jar/key-sender.jar\" T h i s space i s space m y space t e x t\n/bin/sh: 1: java: not found\n\n    at ChildProcess.exithandler (child_process.js:308:12)\n    at ChildProcess.emit (events.js:315:20)\n    at maybeClose (internal/child_process.js:1048:16)\n    at Socket.<anonymous> (internal/child_process.js:439:11)\n    at Socket.emit (events.js:315:20)\n    at Pipe.<anonymous> (net.js:673:12)"}
{"timestamp":"2021-02-06T20:08:11.213Z","level":"info","message":"connection established successfully"}
{"timestamp":"2021-02-24T02:46:59.348Z","level":"info","message":"API is running at localhost:3000"}
{"timestamp":"2021-02-24T02:46:59.354Z","level":"error","message":"failed to connect to server [localhost:27017] on first connect [Error: connect ECONNREFUSED 127.0.0.1:27017\n    at TCPConnectWrap.afterConnect [as oncomplete] (net.js:1146:16) {\n  name: 'MongoNetworkError'\n}]","stack":"MongoNetworkError: failed to connect to server [localhost:27017] on first connect [Error: connect ECONNREFUSED 127.0.0.1:27017\n    at TCPConnectWrap.afterConnect [as oncomplete] (net.js:1146:16) {\n  name: 'MongoNetworkError'\n}]\n    at Pool.<anonymous> (/mnt/code/rfid_project/backend/node_modules/mongodb/lib/core/topologies/server.js:438:11)\n    at Pool.emit (events.js:315:20)\n    at /mnt/code/rfid_project/backend/node_modules/mongodb/lib/core/connection/pool.js:562:14\n    at /mnt/code/rfid_project/backend/node_modules/mongodb/lib/core/connection/pool.js:995:11\n    at /mnt/code/rfid_project/backend/node_modules/mongodb/lib/core/connection/connect.js:32:7\n    at callback (/mnt/code/rfid_project/backend/node_modules/mongodb/lib/core/connection/connect.js:280:5)\n    at Socket.<anonymous> (/mnt/code/rfid_project/backend/node_modules/mongodb/lib/core/connection/connect.js:310:7)\n    at Object.onceWrapper (events.js:422:26)\n    at Socket.emit (events.js:315:20)\n    at emitErrorNT (internal/streams/destroy.js:106:8)\n    at emitErrorCloseNT (internal/streams/destroy.js:74:3)\n    at processTicksAndRejections (internal/process/task_queues.js:80:21)"}
{"timestamp":"2021-02-24T02:46:59.354Z","level":"error","message":"failed to connect to server [localhost:27017] on first connect [Error: connect ECONNREFUSED 127.0.0.1:27017\n    at TCPConnectWrap.afterConnect [as oncomplete] (net.js:1146:16) {\n  name: 'MongoNetworkError'\n}]","stack":"MongoNetworkError: failed to connect to server [localhost:27017] on first connect [Error: connect ECONNREFUSED 127.0.0.1:27017\n    at TCPConnectWrap.afterConnect [as oncomplete] (net.js:1146:16) {\n  name: 'MongoNetworkError'\n}]\n    at Pool.<anonymous> (/mnt/code/rfid_project/backend/node_modules/mongodb/lib/core/topologies/server.js:438:11)\n    at Pool.emit (events.js:315:20)\n    at /mnt/code/rfid_project/backend/node_modules/mongodb/lib/core/connection/pool.js:562:14\n    at /mnt/code/rfid_project/backend/node_modules/mongodb/lib/core/connection/pool.js:995:11\n    at /mnt/code/rfid_project/backend/node_modules/mongodb/lib/core/connection/connect.js:32:7\n    at callback (/mnt/code/rfid_project/backend/node_modules/mongodb/lib/core/connection/connect.js:280:5)\n    at Socket.<anonymous> (/mnt/code/rfid_project/backend/node_modules/mongodb/lib/core/connection/connect.js:310:7)\n    at Object.onceWrapper (events.js:422:26)\n    at Socket.emit (events.js:315:20)\n    at emitErrorNT (internal/streams/destroy.js:106:8)\n    at emitErrorCloseNT (internal/streams/destroy.js:74:3)\n    at processTicksAndRejections (internal/process/task_queues.js:80:21)"}
{"timestamp":"2021-02-24T02:47:09.355Z","level":"error","message":"failed to connect to server [localhost:27017] on first connect [Error: connect ECONNREFUSED 127.0.0.1:27017\n    at TCPConnectWrap.afterConnect [as oncomplete] (net.js:1146:16) {\n  name: 'MongoNetworkError'\n}]","stack":"MongoNetworkError: failed to connect to server [localhost:27017] on first connect [Error: connect ECONNREFUSED 127.0.0.1:27017\n    at TCPConnectWrap.afterConnect [as oncomplete] (net.js:1146:16) {\n  name: 'MongoNetworkError'\n}]\n    at Pool.<anonymous> (/mnt/code/rfid_project/backend/node_modules/mongodb/lib/core/topologies/server.js:438:11)\n    at Pool.emit (events.js:315:20)\n    at /mnt/code/rfid_project/backend/node_modules/mongodb/lib/core/connection/pool.js:562:14\n    at /mnt/code/rfid_project/backend/node_modules/mongodb/lib/core/connection/pool.js:995:11\n    at /mnt/code/rfid_project/backend/node_modules/mongodb/lib/core/connection/connect.js:32:7\n    at callback (/mnt/code/rfid_project/backend/node_modules/mongodb/lib/core/connection/connect.js:280:5)\n    at Socket.<anonymous> (/mnt/code/rfid_project/backend/node_modules/mongodb/lib/core/connection/connect.js:310:7)\n    at Object.onceWrapper (events.js:422:26)\n    at Socket.emit (events.js:315:20)\n    at emitErrorNT (internal/streams/destroy.js:106:8)\n    at emitErrorCloseNT (internal/streams/destroy.js:74:3)\n    at processTicksAndRejections (internal/process/task_queues.js:80:21)"}
{"timestamp":"2021-02-24T02:47:09.356Z","level":"error","message":"failed to connect to server [localhost:27017] on first connect [Error: connect ECONNREFUSED 127.0.0.1:27017\n    at TCPConnectWrap.afterConnect [as oncomplete] (net.js:1146:16) {\n  name: 'MongoNetworkError'\n}]","stack":"MongoNetworkError: failed to connect to server [localhost:27017] on first connect [Error: connect ECONNREFUSED 127.0.0.1:27017\n    at TCPConnectWrap.afterConnect [as oncomplete] (net.js:1146:16) {\n  name: 'MongoNetworkError'\n}]\n    at Pool.<anonymous> (/mnt/code/rfid_project/backend/node_modules/mongodb/lib/core/topologies/server.js:438:11)\n    at Pool.emit (events.js:315:20)\n    at /mnt/code/rfid_project/backend/node_modules/mongodb/lib/core/connection/pool.js:562:14\n    at /mnt/code/rfid_project/backend/node_modules/mongodb/lib/core/connection/pool.js:995:11\n    at /mnt/code/rfid_project/backend/node_modules/mongodb/lib/core/connection/connect.js:32:7\n    at callback (/mnt/code/rfid_project/backend/node_modules/mongodb/lib/core/connection/connect.js:280:5)\n    at Socket.<anonymous> (/mnt/code/rfid_project/backend/node_modules/mongodb/lib/core/connection/connect.js:310:7)\n    at Object.onceWrapper (events.js:422:26)\n    at Socket.emit (events.js:315:20)\n    at emitErrorNT (internal/streams/destroy.js:106:8)\n    at emitErrorCloseNT (internal/streams/destroy.js:74:3)\n    at processTicksAndRejections (internal/process/task_queues.js:80:21)"}
{"timestamp":"2021-02-24T02:47:09.356Z","level":"error","message":"failed to connect to server [localhost:27017] on first connect [Error: connect ECONNREFUSED 127.0.0.1:27017\n    at TCPConnectWrap.afterConnect [as oncomplete] (net.js:1146:16) {\n  name: 'MongoNetworkError'\n}]","stack":"MongoNetworkError: failed to connect to server [localhost:27017] on first connect [Error: connect ECONNREFUSED 127.0.0.1:27017\n    at TCPConnectWrap.afterConnect [as oncomplete] (net.js:1146:16) {\n  name: 'MongoNetworkError'\n}]\n    at Pool.<anonymous> (/mnt/code/rfid_project/backend/node_modules/mongodb/lib/core/topologies/server.js:438:11)\n    at Pool.emit (events.js:315:20)\n    at /mnt/code/rfid_project/backend/node_modules/mongodb/lib/core/connection/pool.js:562:14\n    at /mnt/code/rfid_project/backend/node_modules/mongodb/lib/core/connection/pool.js:995:11\n    at /mnt/code/rfid_project/backend/node_modules/mongodb/lib/core/connection/connect.js:32:7\n    at callback (/mnt/code/rfid_project/backend/node_modules/mongodb/lib/core/connection/connect.js:280:5)\n    at Socket.<anonymous> (/mnt/code/rfid_project/backend/node_modules/mongodb/lib/core/connection/connect.js:310:7)\n    at Object.onceWrapper (events.js:422:26)\n    at Socket.emit (events.js:315:20)\n    at emitErrorNT (internal/streams/destroy.js:106:8)\n    at emitErrorCloseNT (internal/streams/destroy.js:74:3)\n    at processTicksAndRejections (internal/process/task_queues.js:80:21)"}
{"timestamp":"2021-02-24T02:50:26.402Z","level":"info","message":"API is running at localhost:3000"}
{"timestamp":"2021-02-24T02:50:26.414Z","level":"info","message":"connection established successfully"}
{"timestamp":"2021-02-24T02:53:37.958Z","level":"info","message":"API is running at localhost:3000"}
{"timestamp":"2021-02-24T02:53:37.968Z","level":"info","message":"connection established successfully"}
{"timestamp":"2021-02-24T02:54:10.465Z","level":"info","message":"  \u001b[90m<--\u001b[39m \u001b[1mGET\u001b[22m \u001b[90m/checkScanner\u001b[39m"}
{"timestamp":"2021-02-24T02:54:10.467Z","level":"info","message":"  \u001b[31mxxx\u001b[39m \u001b[1mGET\u001b[22m \u001b[90m/checkScanner\u001b[39m \u001b[31m500\u001b[39m \u001b[90m2ms\u001b[39m \u001b[90m-\u001b[39m"}
{"timestamp":"2021-02-24T02:54:10.468Z","level":"error","message":"uid is not defined","stack":"ReferenceError: uid is not defined\n    at SymptomScanTimeController.checkScanner (/mnt/code/rfid_project/backend/time/SymptomScanTimeController.js:117:48)\n    at dispatch (/mnt/code/rfid_project/backend/node_modules/koa-compose/index.js:42:32)\n    at /mnt/code/rfid_project/backend/node_modules/@koa/router/lib/router.js:372:16\n    at dispatch (/mnt/code/rfid_project/backend/node_modules/koa-compose/index.js:42:32)\n    at /mnt/code/rfid_project/backend/node_modules/koa-compose/index.js:34:12\n    at dispatch (/mnt/code/rfid_project/backend/node_modules/@koa/router/lib/router.js:377:31)\n    at dispatch (/mnt/code/rfid_project/backend/node_modules/koa-compose/index.js:42:32)\n    at bodyParser (/mnt/code/rfid_project/backend/node_modules/koa-bodyparser/index.js:95:11)\n    at processTicksAndRejections (internal/process/task_queues.js:93:5)\n    at async cors (/mnt/code/rfid_project/backend/node_modules/@koa/cors/index.js:56:32)\n    at async logger (/mnt/code/rfid_project/backend/node_modules/koa-logger/index.js:67:7)"}
{"timestamp":"2021-02-24T02:55:10.022Z","level":"info","message":"API is running at localhost:3000"}
{"timestamp":"2021-02-24T02:55:10.032Z","level":"info","message":"connection established successfully"}
{"timestamp":"2021-02-24T02:55:17.116Z","level":"info","message":"  \u001b[90m<--\u001b[39m \u001b[1mGET\u001b[22m \u001b[90m/checkScanner\u001b[39m"}
{"timestamp":"2021-02-24T02:55:17.118Z","level":"info","message":"  \u001b[31mxxx\u001b[39m \u001b[1mGET\u001b[22m \u001b[90m/checkScanner\u001b[39m \u001b[31m500\u001b[39m \u001b[90m2ms\u001b[39m \u001b[90m-\u001b[39m"}
{"timestamp":"2021-02-24T02:55:17.119Z","level":"error","message":"Cannot set property 'logNext' of undefined","stack":"TypeError: Cannot set property 'logNext' of undefined\n    at RfidEventService.checkScanner (/mnt/code/rfid_project/backend/rfid/RfidEventService.js:33:25)\n    at SymptomScanTimeController.checkScanner (/mnt/code/rfid_project/backend/time/SymptomScanTimeController.js:117:32)\n    at dispatch (/mnt/code/rfid_project/backend/node_modules/koa-compose/index.js:42:32)\n    at /mnt/code/rfid_project/backend/node_modules/@koa/router/lib/router.js:372:16\n    at dispatch (/mnt/code/rfid_project/backend/node_modules/koa-compose/index.js:42:32)\n    at /mnt/code/rfid_project/backend/node_modules/koa-compose/index.js:34:12\n    at dispatch (/mnt/code/rfid_project/backend/node_modules/@koa/router/lib/router.js:377:31)\n    at dispatch (/mnt/code/rfid_project/backend/node_modules/koa-compose/index.js:42:32)\n    at bodyParser (/mnt/code/rfid_project/backend/node_modules/koa-bodyparser/index.js:95:11)\n    at processTicksAndRejections (internal/process/task_queues.js:93:5)\n    at async cors (/mnt/code/rfid_project/backend/node_modules/@koa/cors/index.js:56:32)\n    at async logger (/mnt/code/rfid_project/backend/node_modules/koa-logger/index.js:67:7)"}
{"timestamp":"2021-02-24T02:56:29.896Z","level":"info","message":"API is running at localhost:3000"}
{"timestamp":"2021-02-24T02:56:29.906Z","level":"info","message":"connection established successfully"}
{"timestamp":"2021-02-24T02:56:36.653Z","level":"info","message":"  \u001b[90m<--\u001b[39m \u001b[1mGET\u001b[22m \u001b[90m/checkScanner\u001b[39m"}
{"timestamp":"2021-02-24T02:56:36.655Z","level":"info","message":"  \u001b[31mxxx\u001b[39m \u001b[1mGET\u001b[22m \u001b[90m/checkScanner\u001b[39m \u001b[31m500\u001b[39m \u001b[90m3ms\u001b[39m \u001b[90m-\u001b[39m"}
{"timestamp":"2021-02-24T02:56:36.655Z","level":"error","message":"response is not defined","stack":"ReferenceError: response is not defined\n    at SymptomScanTimeController.checkScanner (/mnt/code/rfid_project/backend/time/SymptomScanTimeController.js:118:24)\n    at dispatch (/mnt/code/rfid_project/backend/node_modules/koa-compose/index.js:42:32)\n    at /mnt/code/rfid_project/backend/node_modules/@koa/router/lib/router.js:372:16\n    at dispatch (/mnt/code/rfid_project/backend/node_modules/koa-compose/index.js:42:32)\n    at /mnt/code/rfid_project/backend/node_modules/koa-compose/index.js:34:12\n    at dispatch (/mnt/code/rfid_project/backend/node_modules/@koa/router/lib/router.js:377:31)\n    at dispatch (/mnt/code/rfid_project/backend/node_modules/koa-compose/index.js:42:32)\n    at bodyParser (/mnt/code/rfid_project/backend/node_modules/koa-bodyparser/index.js:95:11)\n    at processTicksAndRejections (internal/process/task_queues.js:93:5)\n    at async cors (/mnt/code/rfid_project/backend/node_modules/@koa/cors/index.js:56:32)\n    at async logger (/mnt/code/rfid_project/backend/node_modules/koa-logger/index.js:67:7)"}
{"timestamp":"2021-02-24T02:56:40.759Z","level":"info","message":"  \u001b[90m<--\u001b[39m \u001b[1mGET\u001b[22m \u001b[90m/checkScanner\u001b[39m"}
{"timestamp":"2021-02-24T02:56:40.760Z","level":"info","message":"  \u001b[31mxxx\u001b[39m \u001b[1mGET\u001b[22m \u001b[90m/checkScanner\u001b[39m \u001b[31m500\u001b[39m \u001b[90m1ms\u001b[39m \u001b[90m-\u001b[39m"}
{"timestamp":"2021-02-24T02:56:40.760Z","level":"error","message":"response is not defined","stack":"ReferenceError: response is not defined\n    at SymptomScanTimeController.checkScanner (/mnt/code/rfid_project/backend/time/SymptomScanTimeController.js:118:24)\n    at dispatch (/mnt/code/rfid_project/backend/node_modules/koa-compose/index.js:42:32)\n    at /mnt/code/rfid_project/backend/node_modules/@koa/router/lib/router.js:372:16\n    at dispatch (/mnt/code/rfid_project/backend/node_modules/koa-compose/index.js:42:32)\n    at /mnt/code/rfid_project/backend/node_modules/koa-compose/index.js:34:12\n    at dispatch (/mnt/code/rfid_project/backend/node_modules/@koa/router/lib/router.js:377:31)\n    at dispatch (/mnt/code/rfid_project/backend/node_modules/koa-compose/index.js:42:32)\n    at bodyParser (/mnt/code/rfid_project/backend/node_modules/koa-bodyparser/index.js:95:11)\n    at processTicksAndRejections (internal/process/task_queues.js:93:5)\n    at async cors (/mnt/code/rfid_project/backend/node_modules/@koa/cors/index.js:56:32)\n    at async logger (/mnt/code/rfid_project/backend/node_modules/koa-logger/index.js:67:7)"}
{"timestamp":"2021-02-24T02:56:41.420Z","level":"info","message":"  \u001b[90m<--\u001b[39m \u001b[1mGET\u001b[22m \u001b[90m/checkScanner\u001b[39m"}
{"timestamp":"2021-02-24T02:56:41.420Z","level":"info","message":"  \u001b[31mxxx\u001b[39m \u001b[1mGET\u001b[22m \u001b[90m/checkScanner\u001b[39m \u001b[31m500\u001b[39m \u001b[90m0ms\u001b[39m \u001b[90m-\u001b[39m"}
{"timestamp":"2021-02-24T02:56:41.420Z","level":"error","message":"response is not defined","stack":"ReferenceError: response is not defined\n    at SymptomScanTimeController.checkScanner (/mnt/code/rfid_project/backend/time/SymptomScanTimeController.js:118:24)\n    at dispatch (/mnt/code/rfid_project/backend/node_modules/koa-compose/index.js:42:32)\n    at /mnt/code/rfid_project/backend/node_modules/@koa/router/lib/router.js:372:16\n    at dispatch (/mnt/code/rfid_project/backend/node_modules/koa-compose/index.js:42:32)\n    at /mnt/code/rfid_project/backend/node_modules/koa-compose/index.js:34:12\n    at dispatch (/mnt/code/rfid_project/backend/node_modules/@koa/router/lib/router.js:377:31)\n    at dispatch (/mnt/code/rfid_project/backend/node_modules/koa-compose/index.js:42:32)\n    at bodyParser (/mnt/code/rfid_project/backend/node_modules/koa-bodyparser/index.js:95:11)\n    at processTicksAndRejections (internal/process/task_queues.js:93:5)\n    at async cors (/mnt/code/rfid_project/backend/node_modules/@koa/cors/index.js:56:32)\n    at async logger (/mnt/code/rfid_project/backend/node_modules/koa-logger/index.js:67:7)"}
{"timestamp":"2021-02-24T02:56:41.947Z","level":"info","message":"  \u001b[90m<--\u001b[39m \u001b[1mGET\u001b[22m \u001b[90m/checkScanner\u001b[39m"}
{"timestamp":"2021-02-24T02:56:41.948Z","level":"info","message":"  \u001b[31mxxx\u001b[39m \u001b[1mGET\u001b[22m \u001b[90m/checkScanner\u001b[39m \u001b[31m500\u001b[39m \u001b[90m1ms\u001b[39m \u001b[90m-\u001b[39m"}
{"timestamp":"2021-02-24T02:56:41.948Z","level":"error","message":"response is not defined","stack":"ReferenceError: response is not defined\n    at SymptomScanTimeController.checkScanner (/mnt/code/rfid_project/backend/time/SymptomScanTimeController.js:118:24)\n    at dispatch (/mnt/code/rfid_project/backend/node_modules/koa-compose/index.js:42:32)\n    at /mnt/code/rfid_project/backend/node_modules/@koa/router/lib/router.js:372:16\n    at dispatch (/mnt/code/rfid_project/backend/node_modules/koa-compose/index.js:42:32)\n    at /mnt/code/rfid_project/backend/node_modules/koa-compose/index.js:34:12\n    at dispatch (/mnt/code/rfid_project/backend/node_modules/@koa/router/lib/router.js:377:31)\n    at dispatch (/mnt/code/rfid_project/backend/node_modules/koa-compose/index.js:42:32)\n    at bodyParser (/mnt/code/rfid_project/backend/node_modules/koa-bodyparser/index.js:95:11)\n    at processTicksAndRejections (internal/process/task_queues.js:93:5)\n    at async cors (/mnt/code/rfid_project/backend/node_modules/@koa/cors/index.js:56:32)\n    at async logger (/mnt/code/rfid_project/backend/node_modules/koa-logger/index.js:67:7)"}
{"timestamp":"2021-02-24T02:56:42.465Z","level":"info","message":"  \u001b[90m<--\u001b[39m \u001b[1mGET\u001b[22m \u001b[90m/checkScanner\u001b[39m"}
{"timestamp":"2021-02-24T02:56:42.465Z","level":"info","message":"  \u001b[31mxxx\u001b[39m \u001b[1mGET\u001b[22m \u001b[90m/checkScanner\u001b[39m \u001b[31m500\u001b[39m \u001b[90m0ms\u001b[39m \u001b[90m-\u001b[39m"}
{"timestamp":"2021-02-24T02:56:42.465Z","level":"error","message":"response is not defined","stack":"ReferenceError: response is not defined\n    at SymptomScanTimeController.checkScanner (/mnt/code/rfid_project/backend/time/SymptomScanTimeController.js:118:24)\n    at dispatch (/mnt/code/rfid_project/backend/node_modules/koa-compose/index.js:42:32)\n    at /mnt/code/rfid_project/backend/node_modules/@koa/router/lib/router.js:372:16\n    at dispatch (/mnt/code/rfid_project/backend/node_modules/koa-compose/index.js:42:32)\n    at /mnt/code/rfid_project/backend/node_modules/koa-compose/index.js:34:12\n    at dispatch (/mnt/code/rfid_project/backend/node_modules/@koa/router/lib/router.js:377:31)\n    at dispatch (/mnt/code/rfid_project/backend/node_modules/koa-compose/index.js:42:32)\n    at bodyParser (/mnt/code/rfid_project/backend/node_modules/koa-bodyparser/index.js:95:11)\n    at processTicksAndRejections (internal/process/task_queues.js:93:5)\n    at async cors (/mnt/code/rfid_project/backend/node_modules/@koa/cors/index.js:56:32)\n    at async logger (/mnt/code/rfid_project/backend/node_modules/koa-logger/index.js:67:7)"}
{"timestamp":"2021-02-24T02:56:42.926Z","level":"info","message":"  \u001b[90m<--\u001b[39m \u001b[1mGET\u001b[22m \u001b[90m/checkScanner\u001b[39m"}
{"timestamp":"2021-02-24T02:56:42.927Z","level":"info","message":"  \u001b[31mxxx\u001b[39m \u001b[1mGET\u001b[22m \u001b[90m/checkScanner\u001b[39m \u001b[31m500\u001b[39m \u001b[90m1ms\u001b[39m \u001b[90m-\u001b[39m"}
{"timestamp":"2021-02-24T02:56:42.927Z","level":"error","message":"response is not defined","stack":"ReferenceError: response is not defined\n    at SymptomScanTimeController.checkScanner (/mnt/code/rfid_project/backend/time/SymptomScanTimeController.js:118:24)\n    at dispatch (/mnt/code/rfid_project/backend/node_modules/koa-compose/index.js:42:32)\n    at /mnt/code/rfid_project/backend/node_modules/@koa/router/lib/router.js:372:16\n    at dispatch (/mnt/code/rfid_project/backend/node_modules/koa-compose/index.js:42:32)\n    at /mnt/code/rfid_project/backend/node_modules/koa-compose/index.js:34:12\n    at dispatch (/mnt/code/rfid_project/backend/node_modules/@koa/router/lib/router.js:377:31)\n    at dispatch (/mnt/code/rfid_project/backend/node_modules/koa-compose/index.js:42:32)\n    at bodyParser (/mnt/code/rfid_project/backend/node_modules/koa-bodyparser/index.js:95:11)\n    at processTicksAndRejections (internal/process/task_queues.js:93:5)\n    at async cors (/mnt/code/rfid_project/backend/node_modules/@koa/cors/index.js:56:32)\n    at async logger (/mnt/code/rfid_project/backend/node_modules/koa-logger/index.js:67:7)"}
{"timestamp":"2021-02-25T03:05:53.167Z","level":"info","message":"API is running at localhost:3000"}
{"timestamp":"2021-02-25T03:05:53.178Z","level":"info","message":"connection established successfully"}
{"timestamp":"2021-02-25T03:07:12.229Z","level":"info","message":"  \u001b[90m<--\u001b[39m \u001b[1mGET\u001b[22m \u001b[90m/symptomScanTimeEvents\u001b[39m"}
{"timestamp":"2021-02-25T03:07:12.231Z","level":"info","message":"connection open"}
{"timestamp":"2021-02-25T03:07:43.171Z","level":"info","message":"  \u001b[90m<--\u001b[39m \u001b[1mGET\u001b[22m \u001b[90m/symptomScanTimes/000000027\u001b[39m"}
{"timestamp":"2021-02-25T03:07:43.188Z","level":"info","message":"  \u001b[90m-->\u001b[39m \u001b[1mGET\u001b[22m \u001b[90m/symptomScanTimes/000000027\u001b[39m \u001b[32m200\u001b[39m \u001b[90m18ms\u001b[39m \u001b[90m2b\u001b[39m"}
{"timestamp":"2021-02-25T03:07:43.214Z","level":"error","message":"/bin/sh: 1: xset: not found\n"}
{"timestamp":"2021-02-25T03:08:40.997Z","level":"info","message":"  \u001b[90m<--\u001b[39m \u001b[1mOPTIONS\u001b[22m \u001b[90m/symptomScanTimes\u001b[39m"}
{"timestamp":"2021-02-25T03:08:40.998Z","level":"info","message":"  \u001b[90m-->\u001b[39m \u001b[1mOPTIONS\u001b[22m \u001b[90m/symptomScanTimes\u001b[39m \u001b[32m204\u001b[39m \u001b[90m1ms\u001b[39m \u001b[90m\u001b[39m"}
{"timestamp":"2021-02-25T03:08:40.999Z","level":"info","message":"  \u001b[90m<--\u001b[39m \u001b[1mPOST\u001b[22m \u001b[90m/symptomScanTimes\u001b[39m"}
{"timestamp":"2021-02-25T03:08:41.016Z","level":"info","message":"  \u001b[90m-->\u001b[39m \u001b[1mPOST\u001b[22m \u001b[90m/symptomScanTimes\u001b[39m \u001b[32m200\u001b[39m \u001b[90m17ms\u001b[39m \u001b[90m16b\u001b[39m"}
{"timestamp":"2021-02-25T03:08:41.019Z","level":"info","message":"  \u001b[90m<--\u001b[39m \u001b[1mOPTIONS\u001b[22m \u001b[90m/users\u001b[39m"}
{"timestamp":"2021-02-25T03:08:41.020Z","level":"info","message":"  \u001b[90m-->\u001b[39m \u001b[1mOPTIONS\u001b[22m \u001b[90m/users\u001b[39m \u001b[32m204\u001b[39m \u001b[90m1ms\u001b[39m \u001b[90m\u001b[39m"}
{"timestamp":"2021-02-25T03:08:41.021Z","level":"info","message":"  \u001b[90m<--\u001b[39m \u001b[1mPOST\u001b[22m \u001b[90m/users\u001b[39m"}
{"timestamp":"2021-02-25T03:08:41.023Z","level":"info","message":"  \u001b[90m-->\u001b[39m \u001b[1mPOST\u001b[22m \u001b[90m/users\u001b[39m \u001b[32m200\u001b[39m \u001b[90m2ms\u001b[39m \u001b[90m9b\u001b[39m"}
{"timestamp":"2021-02-25T03:10:16.804Z","level":"info","message":"  \u001b[90m<--\u001b[39m \u001b[1mOPTIONS\u001b[22m \u001b[90m/symptomScanTime\u001b[39m"}
{"timestamp":"2021-02-25T03:10:16.805Z","level":"info","message":"  \u001b[90m-->\u001b[39m \u001b[1mOPTIONS\u001b[22m \u001b[90m/symptomScanTime\u001b[39m \u001b[32m204\u001b[39m \u001b[90m1ms\u001b[39m \u001b[90m\u001b[39m"}
{"timestamp":"2021-02-25T03:10:16.807Z","level":"info","message":"  \u001b[90m<--\u001b[39m \u001b[1mPUT\u001b[22m \u001b[90m/symptomScanTime\u001b[39m"}
{"timestamp":"2021-02-25T03:10:16.817Z","level":"info","message":"  \u001b[90m-->\u001b[39m \u001b[1mPUT\u001b[22m \u001b[90m/symptomScanTime\u001b[39m \u001b[32m200\u001b[39m \u001b[90m10ms\u001b[39m \u001b[90m18b\u001b[39m"}
{"timestamp":"2021-02-25T03:10:19.757Z","level":"info","message":"  \u001b[90m<--\u001b[39m \u001b[1mGET\u001b[22m \u001b[90m/symptomScanTimes/000000027\u001b[39m"}
{"timestamp":"2021-02-25T03:10:19.762Z","level":"info","message":"  \u001b[90m-->\u001b[39m \u001b[1mGET\u001b[22m \u001b[90m/symptomScanTimes/000000027\u001b[39m \u001b[32m200\u001b[39m \u001b[90m5ms\u001b[39m \u001b[90m127b\u001b[39m"}
{"timestamp":"2021-02-25T03:10:19.767Z","level":"info","message":[{"_id":"603714b99155750453ead517","uid":27,"timeIn":"2021-02-25T03:08:41.006Z","timeOut":null,"checkedSymptoms":true,"__v":0}]}
{"timestamp":"2021-02-25T03:10:19.784Z","level":"error","message":"/bin/sh: 1: xset: not found\n"}
{"timestamp":"2021-02-25T03:10:29.314Z","level":"info","message":"  \u001b[90m<--\u001b[39m \u001b[1mGET\u001b[22m \u001b[90m/symptomScanTimes/000000027\u001b[39m"}
{"timestamp":"2021-02-25T03:10:29.319Z","level":"info","message":"  \u001b[90m-->\u001b[39m \u001b[1mGET\u001b[22m \u001b[90m/symptomScanTimes/000000027\u001b[39m \u001b[32m200\u001b[39m \u001b[90m5ms\u001b[39m \u001b[90m149b\u001b[39m"}
{"timestamp":"2021-02-25T03:10:29.322Z","level":"info","message":[{"_id":"603714b99155750453ead517","uid":27,"timeIn":"2021-02-25T03:08:41.006Z","timeOut":"2021-02-25T03:10:19.773Z","checkedSymptoms":true,"__v":0}]}
{"timestamp":"2021-02-25T03:10:29.336Z","level":"error","message":"/bin/sh: 1: xset: not found\n"}
{"timestamp":"2021-02-25T03:10:30.005Z","level":"info","message":"  \u001b[90m<--\u001b[39m \u001b[1mGET\u001b[22m \u001b[90m/symptomScanTimes/000000027\u001b[39m"}
{"timestamp":"2021-02-25T03:10:30.010Z","level":"info","message":"  \u001b[90m-->\u001b[39m \u001b[1mGET\u001b[22m \u001b[90m/symptomScanTimes/000000027\u001b[39m \u001b[32m200\u001b[39m \u001b[90m5ms\u001b[39m \u001b[90m149b\u001b[39m"}
{"timestamp":"2021-02-25T03:10:30.014Z","level":"info","message":[{"_id":"603714b99155750453ead517","uid":27,"timeIn":"2021-02-25T03:08:41.006Z","timeOut":"2021-02-25T03:10:19.773Z","checkedSymptoms":true,"__v":0}]}
{"timestamp":"2021-02-25T03:10:30.029Z","level":"error","message":"/bin/sh: 1: xset: not found\n"}
{"timestamp":"2021-02-25T03:11:01.890Z","level":"info","message":"  \u001b[90m<--\u001b[39m \u001b[1mGET\u001b[22m \u001b[90m/symptomScanTimes/000000028\u001b[39m"}
{"timestamp":"2021-02-25T03:11:01.895Z","level":"info","message":"  \u001b[90m-->\u001b[39m \u001b[1mGET\u001b[22m \u001b[90m/symptomScanTimes/000000028\u001b[39m \u001b[32m200\u001b[39m \u001b[90m5ms\u001b[39m \u001b[90m2b\u001b[39m"}
{"timestamp":"2021-02-25T03:11:01.917Z","level":"error","message":"/bin/sh: 1: xset: not found\n"}
{"timestamp":"2021-02-25T03:11:05.787Z","level":"info","message":"  \u001b[90m<--\u001b[39m \u001b[1mOPTIONS\u001b[22m \u001b[90m/symptomScanTimes\u001b[39m"}
{"timestamp":"2021-02-25T03:11:05.787Z","level":"info","message":"  \u001b[90m-->\u001b[39m \u001b[1mOPTIONS\u001b[22m \u001b[90m/symptomScanTimes\u001b[39m \u001b[32m204\u001b[39m \u001b[90m0ms\u001b[39m \u001b[90m\u001b[39m"}
{"timestamp":"2021-02-25T03:11:05.788Z","level":"info","message":"  \u001b[90m<--\u001b[39m \u001b[1mPOST\u001b[22m \u001b[90m/symptomScanTimes\u001b[39m"}
{"timestamp":"2021-02-25T03:11:05.790Z","level":"info","message":"  \u001b[90m-->\u001b[39m \u001b[1mPOST\u001b[22m \u001b[90m/symptomScanTimes\u001b[39m \u001b[32m200\u001b[39m \u001b[90m2ms\u001b[39m \u001b[90m16b\u001b[39m"}
{"timestamp":"2021-02-25T03:11:05.794Z","level":"info","message":"  \u001b[90m<--\u001b[39m \u001b[1mOPTIONS\u001b[22m \u001b[90m/users\u001b[39m"}
{"timestamp":"2021-02-25T03:11:05.794Z","level":"info","message":"  \u001b[90m-->\u001b[39m \u001b[1mOPTIONS\u001b[22m \u001b[90m/users\u001b[39m \u001b[32m204\u001b[39m \u001b[90m0ms\u001b[39m \u001b[90m\u001b[39m"}
{"timestamp":"2021-02-25T03:11:05.795Z","level":"info","message":"  \u001b[90m<--\u001b[39m \u001b[1mPOST\u001b[22m \u001b[90m/users\u001b[39m"}
{"timestamp":"2021-02-25T03:11:05.797Z","level":"info","message":"  \u001b[90m-->\u001b[39m \u001b[1mPOST\u001b[22m \u001b[90m/users\u001b[39m \u001b[32m200\u001b[39m \u001b[90m2ms\u001b[39m \u001b[90m9b\u001b[39m"}
{"timestamp":"2021-02-25T03:11:10.552Z","level":"info","message":"  \u001b[90m<--\u001b[39m \u001b[1mGET\u001b[22m \u001b[90m/symptomScanTimes/000000028\u001b[39m"}
{"timestamp":"2021-02-25T03:11:10.557Z","level":"info","message":"  \u001b[90m-->\u001b[39m \u001b[1mGET\u001b[22m \u001b[90m/symptomScanTimes/000000028\u001b[39m \u001b[32m200\u001b[39m \u001b[90m5ms\u001b[39m \u001b[90m128b\u001b[39m"}
{"timestamp":"2021-02-25T03:11:10.559Z","level":"info","message":[{"_id":"603715499155750453ead519","uid":28,"timeIn":"2021-02-25T03:11:05.788Z","timeOut":null,"checkedSymptoms":false,"__v":0}]}
{"timestamp":"2021-02-25T03:11:10.580Z","level":"error","message":"/bin/sh: 1: xset: not found\n"}
{"timestamp":"2021-02-25T03:11:11.895Z","level":"info","message":"  \u001b[90m<--\u001b[39m \u001b[1mOPTIONS\u001b[22m \u001b[90m/symptomScanTime\u001b[39m"}
{"timestamp":"2021-02-25T03:11:11.895Z","level":"info","message":"  \u001b[90m-->\u001b[39m \u001b[1mOPTIONS\u001b[22m \u001b[90m/symptomScanTime\u001b[39m \u001b[32m204\u001b[39m \u001b[90m0ms\u001b[39m \u001b[90m\u001b[39m"}
{"timestamp":"2021-02-25T03:11:11.896Z","level":"info","message":"  \u001b[90m<--\u001b[39m \u001b[1mPUT\u001b[22m \u001b[90m/symptomScanTime\u001b[39m"}
{"timestamp":"2021-02-25T03:11:11.900Z","level":"info","message":"  \u001b[90m-->\u001b[39m \u001b[1mPUT\u001b[22m \u001b[90m/symptomScanTime\u001b[39m \u001b[32m200\u001b[39m \u001b[90m4ms\u001b[39m \u001b[90m18b\u001b[39m"}
{"timestamp":"2021-02-25T03:11:16.567Z","level":"info","message":"  \u001b[90m<--\u001b[39m \u001b[1mGET\u001b[22m \u001b[90m/symptomScanTimes/000000028\u001b[39m"}
{"timestamp":"2021-02-25T03:11:16.572Z","level":"info","message":"  \u001b[90m-->\u001b[39m \u001b[1mGET\u001b[22m \u001b[90m/symptomScanTimes/000000028\u001b[39m \u001b[32m200\u001b[39m \u001b[90m5ms\u001b[39m \u001b[90m127b\u001b[39m"}
{"timestamp":"2021-02-25T03:11:16.575Z","level":"info","message":[{"_id":"603715499155750453ead519","uid":28,"timeIn":"2021-02-25T03:11:05.788Z","timeOut":null,"checkedSymptoms":true,"__v":0}]}
{"timestamp":"2021-02-25T03:11:16.589Z","level":"error","message":"/bin/sh: 1: xset: not found\n"}
{"timestamp":"2021-02-25T03:11:18.209Z","level":"info","message":"  \u001b[90m<--\u001b[39m \u001b[1mGET\u001b[22m \u001b[90m/symptomScanTimes/000000028\u001b[39m"}
{"timestamp":"2021-02-25T03:11:18.213Z","level":"info","message":"  \u001b[90m-->\u001b[39m \u001b[1mGET\u001b[22m \u001b[90m/symptomScanTimes/000000028\u001b[39m \u001b[32m200\u001b[39m \u001b[90m4ms\u001b[39m \u001b[90m127b\u001b[39m"}
{"timestamp":"2021-02-25T03:11:18.216Z","level":"info","message":[{"_id":"603715499155750453ead519","uid":28,"timeIn":"2021-02-25T03:11:05.788Z","timeOut":null,"checkedSymptoms":true,"__v":0}]}
{"timestamp":"2021-02-25T03:11:18.233Z","level":"error","message":"/bin/sh: 1: xset: not found\n"}
{"timestamp":"2021-02-25T03:57:15.175Z","level":"info","message":"  \u001b[90m<--\u001b[39m \u001b[1mGET\u001b[22m \u001b[90m/symptomScanTimes/000000029\u001b[39m"}
{"timestamp":"2021-02-25T03:57:15.180Z","level":"info","message":"  \u001b[90m-->\u001b[39m \u001b[1mGET\u001b[22m \u001b[90m/symptomScanTimes/000000029\u001b[39m \u001b[32m200\u001b[39m \u001b[90m5ms\u001b[39m \u001b[90m2b\u001b[39m"}
{"timestamp":"2021-02-25T03:57:15.204Z","level":"error","message":"/bin/sh: 1: xset: not found\n"}
{"timestamp":"2021-02-25T03:57:21.589Z","level":"info","message":"  \u001b[90m<--\u001b[39m \u001b[1mGET\u001b[22m \u001b[90m/symptomScanTimes/000000029\u001b[39m"}
{"timestamp":"2021-02-25T03:57:21.594Z","level":"info","message":"  \u001b[90m-->\u001b[39m \u001b[1mGET\u001b[22m \u001b[90m/symptomScanTimes/000000029\u001b[39m \u001b[32m200\u001b[39m \u001b[90m5ms\u001b[39m \u001b[90m2b\u001b[39m"}
{"timestamp":"2021-02-25T03:57:21.618Z","level":"error","message":"/bin/sh: 1: xset: not found\n"}
{"timestamp":"2021-02-25T03:57:24.761Z","level":"info","message":"  \u001b[90m<--\u001b[39m \u001b[1mOPTIONS\u001b[22m \u001b[90m/symptomScanTimes\u001b[39m"}
{"timestamp":"2021-02-25T03:57:24.762Z","level":"info","message":"  \u001b[90m-->\u001b[39m \u001b[1mOPTIONS\u001b[22m \u001b[90m/symptomScanTimes\u001b[39m \u001b[32m204\u001b[39m \u001b[90m1ms\u001b[39m \u001b[90m\u001b[39m"}
{"timestamp":"2021-02-25T03:57:24.762Z","level":"info","message":"  \u001b[90m<--\u001b[39m \u001b[1mPOST\u001b[22m \u001b[90m/symptomScanTimes\u001b[39m"}
{"timestamp":"2021-02-25T03:57:24.765Z","level":"info","message":"  \u001b[90m-->\u001b[39m \u001b[1mPOST\u001b[22m \u001b[90m/symptomScanTimes\u001b[39m \u001b[32m200\u001b[39m \u001b[90m3ms\u001b[39m \u001b[90m16b\u001b[39m"}
{"timestamp":"2021-02-25T03:57:24.767Z","level":"info","message":"  \u001b[90m<--\u001b[39m \u001b[1mOPTIONS\u001b[22m \u001b[90m/users\u001b[39m"}
{"timestamp":"2021-02-25T03:57:24.768Z","level":"info","message":"  \u001b[90m-->\u001b[39m \u001b[1mOPTIONS\u001b[22m \u001b[90m/users\u001b[39m \u001b[32m204\u001b[39m \u001b[90m1ms\u001b[39m \u001b[90m\u001b[39m"}
{"timestamp":"2021-02-25T03:57:24.769Z","level":"info","message":"  \u001b[90m<--\u001b[39m \u001b[1mPOST\u001b[22m \u001b[90m/users\u001b[39m"}
{"timestamp":"2021-02-25T03:57:24.771Z","level":"info","message":"  \u001b[90m-->\u001b[39m \u001b[1mPOST\u001b[22m \u001b[90m/users\u001b[39m \u001b[32m200\u001b[39m \u001b[90m2ms\u001b[39m \u001b[90m9b\u001b[39m"}
{"timestamp":"2021-02-25T03:57:33.580Z","level":"info","message":"  \u001b[90m<--\u001b[39m \u001b[1mOPTIONS\u001b[22m \u001b[90m/symptomScanTimes\u001b[39m"}
{"timestamp":"2021-02-25T03:57:33.581Z","level":"info","message":"  \u001b[90m-->\u001b[39m \u001b[1mOPTIONS\u001b[22m \u001b[90m/symptomScanTimes\u001b[39m \u001b[32m204\u001b[39m \u001b[90m1ms\u001b[39m \u001b[90m\u001b[39m"}
{"timestamp":"2021-02-25T03:57:33.582Z","level":"info","message":"  \u001b[90m<--\u001b[39m \u001b[1mPOST\u001b[22m \u001b[90m/symptomScanTimes\u001b[39m"}
{"timestamp":"2021-02-25T03:57:33.584Z","level":"info","message":"  \u001b[90m-->\u001b[39m \u001b[1mPOST\u001b[22m \u001b[90m/symptomScanTimes\u001b[39m \u001b[32m200\u001b[39m \u001b[90m2ms\u001b[39m \u001b[90m16b\u001b[39m"}
{"timestamp":"2021-02-25T03:57:33.587Z","level":"info","message":"  \u001b[90m<--\u001b[39m \u001b[1mOPTIONS\u001b[22m \u001b[90m/users\u001b[39m"}
{"timestamp":"2021-02-25T03:57:33.587Z","level":"info","message":"  \u001b[90m-->\u001b[39m \u001b[1mOPTIONS\u001b[22m \u001b[90m/users\u001b[39m \u001b[32m204\u001b[39m \u001b[90m0ms\u001b[39m \u001b[90m\u001b[39m"}
{"timestamp":"2021-02-25T03:57:33.588Z","level":"info","message":"  \u001b[90m<--\u001b[39m \u001b[1mPUT\u001b[22m \u001b[90m/users\u001b[39m"}
{"timestamp":"2021-02-25T03:57:33.591Z","level":"info","message":"  \u001b[90m-->\u001b[39m \u001b[1mPUT\u001b[22m \u001b[90m/users\u001b[39m \u001b[32m200\u001b[39m \u001b[90m3ms\u001b[39m \u001b[90m18b\u001b[39m"}
{"timestamp":"2021-02-25T03:57:34.737Z","level":"info","message":"  \u001b[90m<--\u001b[39m \u001b[1mOPTIONS\u001b[22m \u001b[90m/symptomScanTime\u001b[39m"}
{"timestamp":"2021-02-25T03:57:34.738Z","level":"info","message":"  \u001b[90m-->\u001b[39m \u001b[1mOPTIONS\u001b[22m \u001b[90m/symptomScanTime\u001b[39m \u001b[32m204\u001b[39m \u001b[90m1ms\u001b[39m \u001b[90m\u001b[39m"}
{"timestamp":"2021-02-25T03:57:34.739Z","level":"info","message":"  \u001b[90m<--\u001b[39m \u001b[1mPUT\u001b[22m \u001b[90m/symptomScanTime\u001b[39m"}
{"timestamp":"2021-02-25T03:57:34.742Z","level":"info","message":"  \u001b[90m-->\u001b[39m \u001b[1mPUT\u001b[22m \u001b[90m/symptomScanTime\u001b[39m \u001b[32m200\u001b[39m \u001b[90m3ms\u001b[39m \u001b[90m18b\u001b[39m"}
{"timestamp":"2021-02-25T03:57:38.843Z","level":"info","message":"  \u001b[90m<--\u001b[39m \u001b[1mGET\u001b[22m \u001b[90m/symptomScanTimes/000000029\u001b[39m"}
{"timestamp":"2021-02-25T03:57:38.849Z","level":"info","message":"  \u001b[90m-->\u001b[39m \u001b[1mGET\u001b[22m \u001b[90m/symptomScanTimes/000000029\u001b[39m \u001b[32m200\u001b[39m \u001b[90m6ms\u001b[39m \u001b[90m254b\u001b[39m"}
{"timestamp":"2021-02-25T03:57:38.852Z","level":"info","message":[{"_id":"603720249155750453ead51b","uid":29,"timeIn":"2021-02-25T03:57:24.763Z","timeOut":null,"checkedSymptoms":false,"__v":0},{"_id":"6037202d9155750453ead51d","uid":29,"timeIn":"2021-02-25T03:57:33.582Z","timeOut":null,"checkedSymptoms":true,"__v":0}]}
{"timestamp":"2021-02-25T03:57:38.871Z","level":"error","message":"/bin/sh: 1: xset: not found\n"}
{"timestamp":"2021-02-25T03:57:41.363Z","level":"info","message":"  \u001b[90m<--\u001b[39m \u001b[1mGET\u001b[22m \u001b[90m/symptomScanTimes/000000029\u001b[39m"}
{"timestamp":"2021-02-25T03:57:41.369Z","level":"info","message":"  \u001b[90m-->\u001b[39m \u001b[1mGET\u001b[22m \u001b[90m/symptomScanTimes/000000029\u001b[39m \u001b[32m200\u001b[39m \u001b[90m6ms\u001b[39m \u001b[90m254b\u001b[39m"}
{"timestamp":"2021-02-25T03:57:41.372Z","level":"info","message":[{"_id":"603720249155750453ead51b","uid":29,"timeIn":"2021-02-25T03:57:24.763Z","timeOut":null,"checkedSymptoms":false,"__v":0},{"_id":"6037202d9155750453ead51d","uid":29,"timeIn":"2021-02-25T03:57:33.582Z","timeOut":null,"checkedSymptoms":true,"__v":0}]}
{"timestamp":"2021-02-25T03:57:41.392Z","level":"error","message":"/bin/sh: 1: xset: not found\n"}
{"timestamp":"2021-02-25T03:57:42.222Z","level":"info","message":"  \u001b[90m<--\u001b[39m \u001b[1mOPTIONS\u001b[22m \u001b[90m/symptomScanTime\u001b[39m"}
{"timestamp":"2021-02-25T03:57:42.222Z","level":"info","message":"  \u001b[90m-->\u001b[39m \u001b[1mOPTIONS\u001b[22m \u001b[90m/symptomScanTime\u001b[39m \u001b[32m204\u001b[39m \u001b[90m0ms\u001b[39m \u001b[90m\u001b[39m"}
{"timestamp":"2021-02-25T03:57:42.223Z","level":"info","message":"  \u001b[90m<--\u001b[39m \u001b[1mPUT\u001b[22m \u001b[90m/symptomScanTime\u001b[39m"}
{"timestamp":"2021-02-25T03:57:42.226Z","level":"info","message":"  \u001b[90m-->\u001b[39m \u001b[1mPUT\u001b[22m \u001b[90m/symptomScanTime\u001b[39m \u001b[32m200\u001b[39m \u001b[90m3ms\u001b[39m \u001b[90m18b\u001b[39m"}
{"timestamp":"2021-02-25T03:57:44.279Z","level":"info","message":"  \u001b[90m<--\u001b[39m \u001b[1mGET\u001b[22m \u001b[90m/symptomScanTimes/000000029\u001b[39m"}
{"timestamp":"2021-02-25T03:57:44.284Z","level":"info","message":"  \u001b[90m-->\u001b[39m \u001b[1mGET\u001b[22m \u001b[90m/symptomScanTimes/000000029\u001b[39m \u001b[32m200\u001b[39m \u001b[90m6ms\u001b[39m \u001b[90m254b\u001b[39m"}
{"timestamp":"2021-02-25T03:57:44.290Z","level":"info","message":[{"_id":"603720249155750453ead51b","uid":29,"timeIn":"2021-02-25T03:57:24.763Z","timeOut":null,"checkedSymptoms":false,"__v":0},{"_id":"6037202d9155750453ead51d","uid":29,"timeIn":"2021-02-25T03:57:33.582Z","timeOut":null,"checkedSymptoms":true,"__v":0}]}
{"timestamp":"2021-02-25T03:57:44.309Z","level":"error","message":"/bin/sh: 1: xset: not found\n"}
{"timestamp":"2021-02-25T03:57:45.385Z","level":"info","message":"  \u001b[90m<--\u001b[39m \u001b[1mPUT\u001b[22m \u001b[90m/symptomScanTime\u001b[39m"}
{"timestamp":"2021-02-25T03:57:45.391Z","level":"info","message":"  \u001b[90m-->\u001b[39m \u001b[1mPUT\u001b[22m \u001b[90m/symptomScanTime\u001b[39m \u001b[32m200\u001b[39m \u001b[90m6ms\u001b[39m \u001b[90m18b\u001b[39m"}
{"timestamp":"2021-02-25T03:58:43.528Z","level":"info","message":"API is running at localhost:3000"}
{"timestamp":"2021-02-25T03:58:43.538Z","level":"info","message":"connection established successfully"}
{"timestamp":"2021-02-25T03:58:45.836Z","level":"info","message":"  \u001b[90m<--\u001b[39m \u001b[1mGET\u001b[22m \u001b[90m/symptomScanTimeEvents\u001b[39m"}
{"timestamp":"2021-02-25T03:58:45.837Z","level":"info","message":"connection open"}
{"timestamp":"2021-02-25T03:59:51.702Z","level":"info","message":"  \u001b[90m<--\u001b[39m \u001b[1mGET\u001b[22m \u001b[90m/symptomScanTimes/000000030\u001b[39m"}
{"timestamp":"2021-02-25T03:59:51.716Z","level":"info","message":"  \u001b[90m-->\u001b[39m \u001b[1mGET\u001b[22m \u001b[90m/symptomScanTimes/000000030\u001b[39m \u001b[32m200\u001b[39m \u001b[90m14ms\u001b[39m \u001b[90m2b\u001b[39m"}
{"timestamp":"2021-02-25T03:59:51.738Z","level":"error","message":"/bin/sh: 1: xset: not found\n"}
{"timestamp":"2021-02-25T03:59:56.056Z","level":"info","message":"  \u001b[90m<--\u001b[39m \u001b[1mOPTIONS\u001b[22m \u001b[90m/users\u001b[39m"}
{"timestamp":"2021-02-25T03:59:56.056Z","level":"info","message":"  \u001b[90m-->\u001b[39m \u001b[1mOPTIONS\u001b[22m \u001b[90m/users\u001b[39m \u001b[32m204\u001b[39m \u001b[90m1ms\u001b[39m \u001b[90m\u001b[39m"}
{"timestamp":"2021-02-25T03:59:56.057Z","level":"info","message":"  \u001b[90m<--\u001b[39m \u001b[1mPOST\u001b[22m \u001b[90m/users\u001b[39m"}
{"timestamp":"2021-02-25T03:59:56.069Z","level":"info","message":"  \u001b[90m-->\u001b[39m \u001b[1mPOST\u001b[22m \u001b[90m/users\u001b[39m \u001b[32m200\u001b[39m \u001b[90m12ms\u001b[39m \u001b[90m9b\u001b[39m"}
{"timestamp":"2021-02-25T03:59:56.072Z","level":"info","message":"  \u001b[90m<--\u001b[39m \u001b[1mOPTIONS\u001b[22m \u001b[90m/symptomScanTimes\u001b[39m"}
{"timestamp":"2021-02-25T03:59:56.072Z","level":"info","message":"  \u001b[90m-->\u001b[39m \u001b[1mOPTIONS\u001b[22m \u001b[90m/symptomScanTimes\u001b[39m \u001b[32m204\u001b[39m \u001b[90m0ms\u001b[39m \u001b[90m\u001b[39m"}
{"timestamp":"2021-02-25T03:59:56.073Z","level":"info","message":"  \u001b[90m<--\u001b[39m \u001b[1mPOST\u001b[22m \u001b[90m/symptomScanTimes\u001b[39m"}
{"timestamp":"2021-02-25T03:59:56.075Z","level":"info","message":"  \u001b[90m-->\u001b[39m \u001b[1mPOST\u001b[22m \u001b[90m/symptomScanTimes\u001b[39m \u001b[32m200\u001b[39m \u001b[90m2ms\u001b[39m \u001b[90m16b\u001b[39m"}
{"timestamp":"2021-02-25T03:59:58.738Z","level":"info","message":"  \u001b[90m<--\u001b[39m \u001b[1mOPTIONS\u001b[22m \u001b[90m/symptomScanTime\u001b[39m"}
{"timestamp":"2021-02-25T03:59:58.739Z","level":"info","message":"  \u001b[90m-->\u001b[39m \u001b[1mOPTIONS\u001b[22m \u001b[90m/symptomScanTime\u001b[39m \u001b[32m204\u001b[39m \u001b[90m1ms\u001b[39m \u001b[90m\u001b[39m"}
{"timestamp":"2021-02-25T03:59:58.741Z","level":"info","message":"  \u001b[90m<--\u001b[39m \u001b[1mPUT\u001b[22m \u001b[90m/symptomScanTime\u001b[39m"}
{"timestamp":"2021-02-25T03:59:58.750Z","level":"info","message":"  \u001b[90m-->\u001b[39m \u001b[1mPUT\u001b[22m \u001b[90m/symptomScanTime\u001b[39m \u001b[32m200\u001b[39m \u001b[90m9ms\u001b[39m \u001b[90m18b\u001b[39m"}
{"timestamp":"2021-02-25T04:00:04.562Z","level":"info","message":"  \u001b[90m<--\u001b[39m \u001b[1mGET\u001b[22m \u001b[90m/symptomScanTimes/000000030\u001b[39m"}
{"timestamp":"2021-02-25T04:00:04.569Z","level":"info","message":"  \u001b[90m-->\u001b[39m \u001b[1mGET\u001b[22m \u001b[90m/symptomScanTimes/000000030\u001b[39m \u001b[32m200\u001b[39m \u001b[90m7ms\u001b[39m \u001b[90m127b\u001b[39m"}
{"timestamp":"2021-02-25T04:00:04.574Z","level":"info","message":[{"_id":"603720bce2113b054d2bfc5a","uid":30,"timeIn":"2021-02-25T03:59:56.073Z","timeOut":null,"checkedSymptoms":true,"__v":0}]}
{"timestamp":"2021-02-25T04:00:04.586Z","level":"error","message":"/bin/sh: 1: xset: not found\n"}
{"timestamp":"2021-02-25T04:00:11.101Z","level":"info","message":"  \u001b[90m<--\u001b[39m \u001b[1mGET\u001b[22m \u001b[90m/symptomScanTimes/000000031\u001b[39m"}
{"timestamp":"2021-02-25T04:00:11.106Z","level":"info","message":"  \u001b[90m-->\u001b[39m \u001b[1mGET\u001b[22m \u001b[90m/symptomScanTimes/000000031\u001b[39m \u001b[32m200\u001b[39m \u001b[90m5ms\u001b[39m \u001b[90m2b\u001b[39m"}
{"timestamp":"2021-02-25T04:00:11.132Z","level":"error","message":"/bin/sh: 1: xset: not found\n"}
{"timestamp":"2021-02-25T04:00:14.695Z","level":"info","message":"  \u001b[90m<--\u001b[39m \u001b[1mOPTIONS\u001b[22m \u001b[90m/users\u001b[39m"}
{"timestamp":"2021-02-25T04:00:14.695Z","level":"info","message":"  \u001b[90m-->\u001b[39m \u001b[1mOPTIONS\u001b[22m \u001b[90m/users\u001b[39m \u001b[32m204\u001b[39m \u001b[90m0ms\u001b[39m \u001b[90m\u001b[39m"}
{"timestamp":"2021-02-25T04:00:14.696Z","level":"info","message":"  \u001b[90m<--\u001b[39m \u001b[1mPOST\u001b[22m \u001b[90m/users\u001b[39m"}
{"timestamp":"2021-02-25T04:00:14.698Z","level":"info","message":"  \u001b[90m-->\u001b[39m \u001b[1mPOST\u001b[22m \u001b[90m/users\u001b[39m \u001b[32m200\u001b[39m \u001b[90m2ms\u001b[39m \u001b[90m9b\u001b[39m"}
{"timestamp":"2021-02-25T04:00:14.700Z","level":"info","message":"  \u001b[90m<--\u001b[39m \u001b[1mOPTIONS\u001b[22m \u001b[90m/symptomScanTimes\u001b[39m"}
{"timestamp":"2021-02-25T04:00:14.702Z","level":"info","message":"  \u001b[90m-->\u001b[39m \u001b[1mOPTIONS\u001b[22m \u001b[90m/symptomScanTimes\u001b[39m \u001b[32m204\u001b[39m \u001b[90m2ms\u001b[39m \u001b[90m\u001b[39m"}
{"timestamp":"2021-02-25T04:00:14.703Z","level":"info","message":"  \u001b[90m<--\u001b[39m \u001b[1mPOST\u001b[22m \u001b[90m/symptomScanTimes\u001b[39m"}
{"timestamp":"2021-02-25T04:00:14.705Z","level":"info","message":"  \u001b[90m-->\u001b[39m \u001b[1mPOST\u001b[22m \u001b[90m/symptomScanTimes\u001b[39m \u001b[32m200\u001b[39m \u001b[90m2ms\u001b[39m \u001b[90m16b\u001b[39m"}
{"timestamp":"2021-02-25T04:00:20.668Z","level":"info","message":"  \u001b[90m<--\u001b[39m \u001b[1mOPTIONS\u001b[22m \u001b[90m/users\u001b[39m"}
{"timestamp":"2021-02-25T04:00:20.669Z","level":"info","message":"  \u001b[90m-->\u001b[39m \u001b[1mOPTIONS\u001b[22m \u001b[90m/users\u001b[39m \u001b[32m204\u001b[39m \u001b[90m1ms\u001b[39m \u001b[90m\u001b[39m"}
{"timestamp":"2021-02-25T04:00:20.669Z","level":"info","message":"  \u001b[90m<--\u001b[39m \u001b[1mPUT\u001b[22m \u001b[90m/users\u001b[39m"}
{"timestamp":"2021-02-25T04:00:20.673Z","level":"info","message":"  \u001b[90m-->\u001b[39m \u001b[1mPUT\u001b[22m \u001b[90m/users\u001b[39m \u001b[32m200\u001b[39m \u001b[90m4ms\u001b[39m \u001b[90m18b\u001b[39m"}
{"timestamp":"2021-02-25T04:00:22.230Z","level":"info","message":"  \u001b[90m<--\u001b[39m \u001b[1mOPTIONS\u001b[22m \u001b[90m/symptomScanTime\u001b[39m"}
{"timestamp":"2021-02-25T04:00:22.230Z","level":"info","message":"  \u001b[90m-->\u001b[39m \u001b[1mOPTIONS\u001b[22m \u001b[90m/symptomScanTime\u001b[39m \u001b[32m204\u001b[39m \u001b[90m0ms\u001b[39m \u001b[90m\u001b[39m"}
{"timestamp":"2021-02-25T04:00:22.231Z","level":"info","message":"  \u001b[90m<--\u001b[39m \u001b[1mPUT\u001b[22m \u001b[90m/symptomScanTime\u001b[39m"}
{"timestamp":"2021-02-25T04:00:22.235Z","level":"info","message":"  \u001b[90m-->\u001b[39m \u001b[1mPUT\u001b[22m \u001b[90m/symptomScanTime\u001b[39m \u001b[32m200\u001b[39m \u001b[90m3ms\u001b[39m \u001b[90m18b\u001b[39m"}
{"timestamp":"2021-02-25T04:00:24.105Z","level":"info","message":"  \u001b[90m<--\u001b[39m \u001b[1mGET\u001b[22m \u001b[90m/symptomScanTimes/000000031\u001b[39m"}
{"timestamp":"2021-02-25T04:00:24.111Z","level":"info","message":"  \u001b[90m-->\u001b[39m \u001b[1mGET\u001b[22m \u001b[90m/symptomScanTimes/000000031\u001b[39m \u001b[32m200\u001b[39m \u001b[90m6ms\u001b[39m \u001b[90m127b\u001b[39m"}
{"timestamp":"2021-02-25T04:00:24.116Z","level":"info","message":[{"_id":"603720cee2113b054d2bfc5c","uid":31,"timeIn":"2021-02-25T04:00:14.703Z","timeOut":null,"checkedSymptoms":true,"__v":0}]}
{"timestamp":"2021-02-25T04:00:24.132Z","level":"error","message":"/bin/sh: 1: xset: not found\n"}
